===========================================================================
14.09.15(Monday)-15:09:48
===========================================================================
Initialize
Engine load successful
scene Class created for...
===========================================================================
Catch an error! See backtrace:
wrong number of arguments (1 for 2)
C:/Users/user/YandexDisk/Source/Redenik/code/module.Redenik.Graphics.class.Image.rb:5:in `initialize'
C:/Users/user/YandexDisk/Source/Redenik/code/module.Redenik.Graphics.class.Image.rb:5:in `new'
C:/Users/user/YandexDisk/Source/Redenik/code/module.Redenik.Graphics.class.Image.rb:5:in `initialize'
C:/Users/user/YandexDisk/Source/Redenik/code/module.Redenik.Graphics.class.Window.rb:5:in `initialize'
C:/Users/user/YandexDisk/Source/Redenik/code/module.Redenik.GameManager.class.Screen_Title.rb:22:in `new'
C:/Users/user/YandexDisk/Source/Redenik/code/module.Redenik.GameManager.class.Screen_Title.rb:22:in `create___title_window'
C:/Users/user/YandexDisk/Source/Redenik/code/module.Redenik.GameManager.class.Screen_Title.rb:10:in `create___all_windows'
C:/Users/user/YandexDisk/Source/Redenik/code/module.Redenik.GameManager.class.Screen_Base.rb:6:in `initialize'
C:/Users/user/YandexDisk/Source/Redenik/code/module.Redenik.GameManager.rb:25:in `new'
C:/Users/user/YandexDisk/Source/Redenik/code/module.Redenik.GameManager.rb:25:in `setup_scene'
C:/Users/user/YandexDisk/Source/Redenik/code/module.Redenik.GameManager.rb:43:in `call'
C:/Users/user/YandexDisk/Source/Redenik/code/module.Redenik.GameManager.rb:21:in `setup_first_scene'
C:/Users/user/YandexDisk/Source/Redenik/code/module.Redenik.GameManager.rb:7:in `start'
C:/Users/user/YandexDisk/Source/Redenik/code/module.Redenik.GameManager.rb:12:in `main'
{0008}:11:in `block in <main>'
:1:in `block in rgss_main'
:1:in `loop'
:1:in `rgss_main'
{0008}:11:in `<main>'
ruby:in `eval'
